<?xml version="1.0" encoding="UTF-8"?>
<!-- Generated by org.testng.reporters.JUnitReportReporter -->
<testsuite ignored="0" hostname="MacBook-Pro-de-Joselin.local" failures="0" tests="1" name="prueba.NewTest" time="2.788" errors="0" timestamp="27 ago. 2022 15:24:56 GMT" skipped="0">
  <testcase classname="prueba.NewTest" name="testSel" time="2.788"/>
</testsuite> <!-- prueba.NewTest -->
